\BOOKMARK [1][]{section.1}{\376\377\000P\000r\000i\000m\000e\000r\000\040\000C\000h\000e\000c\000k\000p\000o\000i\000n\000t}{}% 1
\BOOKMARK [2][]{subsection.1.1}{\376\377\000I\000n\000t\000r\000o\000d\000u\000c\000c\000i\000\363\000n}{section.1}% 2
\BOOKMARK [2][]{subsection.1.2}{\376\377\000R\000e\000g\000u\000l\000a\000d\000o\000r\000\040\000d\000e\000\040\000T\000e\000n\000s\000i\000\363\000n}{section.1}% 3
\BOOKMARK [2][]{subsection.1.3}{\376\377\000L\000i\000m\000i\000t\000e\000\040\000d\000e\000\040\000c\000o\000r\000r\000i\000e\000n\000t\000e}{section.1}% 4
\BOOKMARK [2][]{subsection.1.4}{\376\377\000D\000i\000s\000e\000\361\000o\000\040\000f\000i\000n\000a\000l\000\040\000y\000\040\000e\000s\000q\000u\000e\000m\000\341\000t\000i\000c\000o\000\040\000d\000e\000l\000\040\000P\000C\000B}{section.1}% 5
\BOOKMARK [2][]{subsection.1.5}{\376\377\000C\000o\000n\000c\000l\000u\000s\000i\000o\000n\000e\000s}{section.1}% 6
\BOOKMARK [2][]{subsection.1.6}{\376\377\000A\000p\000\351\000n\000d\000i\000c\000e}{section.1}% 7
\BOOKMARK [1][]{section.2}{\376\377\000S\000e\000g\000u\000n\000d\000o\000\040\000c\000h\000e\000c\000k\000p\000o\000i\000n\000t}{}% 8
\BOOKMARK [2][]{subsection.2.1}{\376\377\000I\000n\000t\000r\000o\000d\000u\000c\000c\000i\000\363\000n}{section.2}% 9
\BOOKMARK [2][]{subsection.2.2}{\376\377\000C\000o\000m\000p\000e\000n\000s\000a\000c\000i\000\363\000n}{section.2}% 10
\BOOKMARK [2][]{subsection.2.3}{\376\377\000D\000i\000s\000e\000\361\000o\000\040\000d\000e\000l\000\040\000P\000C\000B}{section.2}% 11
\BOOKMARK [2][]{subsection.2.4}{\376\377\000A\000n\000\341\000l\000i\000s\000i\000s\000\040\000t\000\351\000r\000m\000i\000c\000o}{section.2}% 12
\BOOKMARK [2][]{subsection.2.5}{\376\377\000C\000o\000n\000c\000l\000u\000s\000i\000\363\000n}{section.2}% 13
\BOOKMARK [1][]{section.3}{\376\377\000T\000e\000r\000c\000e\000r\000\040\000c\000h\000e\000c\000k\000p\000o\000i\000n\000t}{}% 14
\BOOKMARK [2][]{subsection.3.1}{\376\377\000I\000n\000t\000r\000o\000d\000u\000c\000c\000i\000\363\000n}{section.3}% 15
\BOOKMARK [2][]{subsection.3.2}{\376\377\000A\000r\000m\000a\000d\000o\000\040\000d\000e\000l\000\040\000c\000i\000r\000c\000u\000i\000t\000o}{section.3}% 16
\BOOKMARK [2][]{subsection.3.3}{\376\377\000R\000e\000g\000u\000l\000a\000c\000i\000\363\000n\000\040\000d\000e\000\040\000l\000i\000n\000e\000a}{section.3}% 17
\BOOKMARK [2][]{subsection.3.4}{\376\377\000R\000e\000g\000u\000l\000a\000c\000i\000\363\000n\000\040\000d\000e\000\040\000c\000a\000r\000g\000a}{section.3}% 18
\BOOKMARK [2][]{subsection.3.5}{\376\377\000F\000o\000l\000d\000b\000a\000c\000k}{section.3}% 19
\BOOKMARK [2][]{subsection.3.6}{\376\377\000E\000f\000i\000c\000i\000e\000n\000c\000i\000a}{section.3}% 20
\BOOKMARK [2][]{subsection.3.7}{\376\377\000T\000i\000e\000m\000p\000o\000\040\000d\000e\000\040\000r\000e\000s\000p\000u\000e\000s\000t\000a}{section.3}% 21
\BOOKMARK [2][]{subsection.3.8}{\376\377\000R\000e\000s\000u\000l\000t\000a\000d\000o\000s}{section.3}% 22
\BOOKMARK [2][]{subsection.3.9}{\376\377\000C\000o\000n\000c\000l\000u\000s\000i\000o\000n\000e\000s}{section.3}% 23
\BOOKMARK [2][]{subsection.3.10}{\376\377\000A\000n\000e\000x\000o}{section.3}% 24
\BOOKMARK [1][]{section.4}{\376\377\000C\000u\000a\000r\000t\000o\000\040\000c\000h\000e\000c\000k\000p\000o\000i\000n\000t}{}% 25
\BOOKMARK [2][]{subsection.4.1}{\376\377\000I\000n\000t\000r\000o\000d\000u\000c\000c\000i\000\363\000n}{section.4}% 26
\BOOKMARK [2][]{subsection.4.2}{\376\377\000F\000u\000e\000n\000t\000e\000\040\000b\000u\000c\000k}{section.4}% 27
\BOOKMARK [2][]{subsection.4.3}{\376\377\000C\000i\000r\000c\000u\000i\000t\000o\000\040\000P\000W\000M}{section.4}% 28
\BOOKMARK [2][]{subsection.4.4}{\376\377\000C\000o\000n\000c\000l\000u\000s\000i\000o\000n\000e\000s}{section.4}% 29
\BOOKMARK [2][]{subsection.4.5}{\376\377\000A\000p\000\351\000n\000d\000i\000c\000e}{section.4}% 30
\BOOKMARK [1][]{section.5}{\376\377\000Q\000u\000i\000n\000t\000o\000\040\000c\000h\000e\000c\000k\000p\000o\000i\000n\000t}{}% 31
\BOOKMARK [2][]{subsection.5.1}{\376\377\000I\000n\000t\000r\000o\000d\000u\000c\000c\000i\000\363\000n}{section.5}% 32
\BOOKMARK [2][]{subsection.5.2}{\376\377\000F\000u\000e\000n\000t\000e\000\040\000B\000u\000c\000k\000\040\000r\000e\000a\000l\000i\000m\000e\000n\000t\000a\000d\000a}{section.5}% 33
\BOOKMARK [2][]{subsection.5.3}{\376\377\000C\000o\000m\000p\000e\000n\000s\000a\000c\000i\000\363\000n}{section.5}% 34
\BOOKMARK [2][]{subsection.5.4}{\376\377\000C\000a\000r\000a\000c\000t\000e\000r\000i\000z\000a\000c\000i\000\363\000n\000\040\000d\000e\000l\000\040\000i\000n\000d\000u\000c\000t\000o\000r}{section.5}% 35
\BOOKMARK [2][]{subsection.5.5}{\376\377\000D\000i\000s\000e\000\361\000o\000\040\000P\000C\000B}{section.5}% 36
\BOOKMARK [2][]{subsection.5.6}{\376\377\000A\000r\000m\000a\000d\000o\000\040\000y\000\040\000p\000r\000u\000e\000b\000a\000\040\000d\000e\000\040\000e\000t\000a\000p\000a\000s}{section.5}% 37
\BOOKMARK [2][]{subsection.5.7}{\376\377\000M\000e\000d\000i\000c\000i\000o\000n\000e\000s}{section.5}% 38
\BOOKMARK [2][]{subsection.5.8}{\376\377\000R\000e\000s\000u\000l\000t\000a\000d\000o\000s}{section.5}% 39
\BOOKMARK [2][]{subsection.5.9}{\376\377\000C\000o\000n\000c\000l\000u\000s\000i\000o\000n\000e\000s}{section.5}% 40
\BOOKMARK [2][]{subsection.5.10}{\376\377\000A\000p\000\351\000n\000d\000i\000c\000e}{section.5}% 41
